<?xml version="1.0" encoding="utf-8"?><testsuites name="pytest tests"><testsuite name="pytest" errors="0" failures="0" skipped="0" tests="18" time="4.834" timestamp="2026-02-26T17:30:34.401525+00:00" hostname="agent-env-0384dbae-242d-4265-bab4-f7c30c408c0c"><testcase classname="tests.test_backlog_features.TestHealthCheck" name="test_health_endpoint" time="0.252" /><testcase classname="tests.test_backlog_features.TestDealActivityAPI" name="test_get_activity_requires_auth" time="0.163" /><testcase classname="tests.test_backlog_features.TestDealActivityAPI" name="test_create_activity_requires_auth" time="0.170" /><testcase classname="tests.test_backlog_features.TestAssetTypesAPI" name="test_get_asset_types_requires_auth" time="0.319" /><testcase classname="tests.test_backlog_features.TestAssetTypesAPI" name="test_create_asset_type_requires_auth" time="0.288" /><testcase classname="tests.test_backlog_features.TestAssetTypesAPI" name="test_update_asset_type_requires_auth" time="0.276" /><testcase classname="tests.test_backlog_features.TestAssetTypesAPI" name="test_delete_asset_type_requires_auth" time="0.179" /><testcase classname="tests.test_backlog_features.TestSignupRequestAPI" name="test_signup_creates_request_not_user" time="0.916" /><testcase classname="tests.test_backlog_features.TestSignupRequestAPI" name="test_get_signup_requests_requires_auth" time="0.233" /><testcase classname="tests.test_backlog_features.TestSignupRequestAPI" name="test_review_signup_request_requires_auth" time="0.303" /><testcase classname="tests.test_backlog_features.TestCalendarRecurrenceAPI" name="test_create_event_requires_auth" time="0.115" /><testcase classname="tests.test_backlog_features.TestCalendarRecurrenceAPI" name="test_get_events_requires_auth" time="0.133" /><testcase classname="tests.test_backlog_features.TestPipelineAPI" name="test_pipelines_endpoint_requires_auth" time="0.190" /><testcase classname="tests.test_backlog_features.TestLoginEndpoint" name="test_login_with_invalid_credentials" time="0.484" /><testcase classname="tests.test_backlog_features.TestDirectDBAccess" name="test_deal_activity_table_exists" time="0.256" /><testcase classname="tests.test_backlog_features.TestDirectDBAccess" name="test_asset_types_table_exists" time="0.108" /><testcase classname="tests.test_backlog_features.TestDirectDBAccess" name="test_signup_requests_table_exists" time="0.199" /><testcase classname="tests.test_backlog_features.TestDirectDBAccess" name="test_calendar_events_has_recurrence_columns" time="0.178" /></testsuite></testsuites>