<?xml version="1.0" encoding="utf-8"?><testsuites name="pytest tests"><testsuite name="pytest" errors="0" failures="0" skipped="0" tests="17" time="3.986" timestamp="2026-02-05T18:52:53.708325+00:00" hostname="agent-env-f23043b8-1a17-4164-9dcf-5d28fafbbee6"><testcase classname="backend.tests.test_calendar_api.TestCalendarAPI" name="test_list_events_without_auth" time="0.072" /><testcase classname="backend.tests.test_calendar_api.TestCalendarAPI" name="test_list_events_with_auth" time="0.585" /><testcase classname="backend.tests.test_calendar_api.TestCalendarAPI" name="test_list_events_with_date_filter" time="0.168" /><testcase classname="backend.tests.test_calendar_api.TestCalendarAPI" name="test_create_event_success" time="0.130" /><testcase classname="backend.tests.test_calendar_api.TestCalendarAPI" name="test_create_event_without_title" time="0.008" /><testcase classname="backend.tests.test_calendar_api.TestCalendarAPI" name="test_create_event_all_day" time="0.213" /><testcase classname="backend.tests.test_calendar_api.TestCalendarAPI" name="test_get_event_by_id" time="0.149" /><testcase classname="backend.tests.test_calendar_api.TestCalendarAPI" name="test_get_nonexistent_event" time="0.147" /><testcase classname="backend.tests.test_calendar_api.TestCalendarAPI" name="test_update_event_title" time="0.468" /><testcase classname="backend.tests.test_calendar_api.TestCalendarAPI" name="test_update_event_type" time="0.391" /><testcase classname="backend.tests.test_calendar_api.TestCalendarAPI" name="test_update_event_times" time="0.266" /><testcase classname="backend.tests.test_calendar_api.TestCalendarAPI" name="test_update_nonexistent_event" time="0.168" /><testcase classname="backend.tests.test_calendar_api.TestCalendarAPI" name="test_delete_event" time="0.440" /><testcase classname="backend.tests.test_calendar_api.TestCalendarAPI" name="test_delete_nonexistent_event" time="0.193" /><testcase classname="backend.tests.test_calendar_api.TestCalendarAPI" name="test_get_upcoming_events" time="0.133" /><testcase classname="backend.tests.test_calendar_api.TestCalendarAPI" name="test_get_upcoming_events_with_params" time="0.171" /><testcase classname="backend.tests.test_calendar_api.TestCalendarAPI" name="test_cleanup_test_events" time="0.224" /></testsuite></testsuites>