<?xml version="1.0" encoding="utf-8"?><testsuites name="pytest tests"><testsuite name="pytest" errors="0" failures="0" skipped="16" tests="17" time="1.351" timestamp="2026-02-05T18:44:34.646558+00:00" hostname="agent-env-f23043b8-1a17-4164-9dcf-5d28fafbbee6"><testcase classname="backend.tests.test_calendar_api.TestCalendarAPI" name="test_list_events_without_auth" time="0.090" /><testcase classname="backend.tests.test_calendar_api.TestCalendarAPI" name="test_list_events_with_auth" time="1.145"><skipped type="pytest.skip" message="Authentication failed - signup: 200, login: 200">/app/backend/tests/test_calendar_api.py:75: Authentication failed - signup: 200, login: 200</skipped></testcase><testcase classname="backend.tests.test_calendar_api.TestCalendarAPI" name="test_list_events_with_date_filter" time="0.000"><skipped type="pytest.skip" message="Authentication failed - signup: 200, login: 200">/app/backend/tests/test_calendar_api.py:86: Authentication failed - signup: 200, login: 200</skipped></testcase><testcase classname="backend.tests.test_calendar_api.TestCalendarAPI" name="test_create_event_success" time="0.000"><skipped type="pytest.skip" message="Authentication failed - signup: 200, login: 200">/app/backend/tests/test_calendar_api.py:105: Authentication failed - signup: 200, login: 200</skipped></testcase><testcase classname="backend.tests.test_calendar_api.TestCalendarAPI" name="test_create_event_without_title" time="0.000"><skipped type="pytest.skip" message="Authentication failed - signup: 200, login: 200">/app/backend/tests/test_calendar_api.py:139: Authentication failed - signup: 200, login: 200</skipped></testcase><testcase classname="backend.tests.test_calendar_api.TestCalendarAPI" name="test_create_event_all_day" time="0.000"><skipped type="pytest.skip" message="Authentication failed - signup: 200, login: 200">/app/backend/tests/test_calendar_api.py:155: Authentication failed - signup: 200, login: 200</skipped></testcase><testcase classname="backend.tests.test_calendar_api.TestCalendarAPI" name="test_get_event_by_id" time="0.000"><skipped type="pytest.skip" message="Authentication failed - signup: 200, login: 200">/app/backend/tests/test_calendar_api.py:183: Authentication failed - signup: 200, login: 200</skipped></testcase><testcase classname="backend.tests.test_calendar_api.TestCalendarAPI" name="test_get_nonexistent_event" time="0.000"><skipped type="pytest.skip" message="Authentication failed - signup: 200, login: 200">/app/backend/tests/test_calendar_api.py:197: Authentication failed - signup: 200, login: 200</skipped></testcase><testcase classname="backend.tests.test_calendar_api.TestCalendarAPI" name="test_update_event_title" time="0.000"><skipped type="pytest.skip" message="Authentication failed - signup: 200, login: 200">/app/backend/tests/test_calendar_api.py:208: Authentication failed - signup: 200, login: 200</skipped></testcase><testcase classname="backend.tests.test_calendar_api.TestCalendarAPI" name="test_update_event_type" time="0.000"><skipped type="pytest.skip" message="Authentication failed - signup: 200, login: 200">/app/backend/tests/test_calendar_api.py:234: Authentication failed - signup: 200, login: 200</skipped></testcase><testcase classname="backend.tests.test_calendar_api.TestCalendarAPI" name="test_update_event_times" time="0.000"><skipped type="pytest.skip" message="Authentication failed - signup: 200, login: 200">/app/backend/tests/test_calendar_api.py:256: Authentication failed - signup: 200, login: 200</skipped></testcase><testcase classname="backend.tests.test_calendar_api.TestCalendarAPI" name="test_update_nonexistent_event" time="0.000"><skipped type="pytest.skip" message="Authentication failed - signup: 200, login: 200">/app/backend/tests/test_calendar_api.py:278: Authentication failed - signup: 200, login: 200</skipped></testcase><testcase classname="backend.tests.test_calendar_api.TestCalendarAPI" name="test_delete_event" time="0.000"><skipped type="pytest.skip" message="Authentication failed - signup: 200, login: 200">/app/backend/tests/test_calendar_api.py:292: Authentication failed - signup: 200, login: 200</skipped></testcase><testcase classname="backend.tests.test_calendar_api.TestCalendarAPI" name="test_delete_nonexistent_event" time="0.000"><skipped type="pytest.skip" message="Authentication failed - signup: 200, login: 200">/app/backend/tests/test_calendar_api.py:309: Authentication failed - signup: 200, login: 200</skipped></testcase><testcase classname="backend.tests.test_calendar_api.TestCalendarAPI" name="test_get_upcoming_events" time="0.000"><skipped type="pytest.skip" message="Authentication failed - signup: 200, login: 200">/app/backend/tests/test_calendar_api.py:320: Authentication failed - signup: 200, login: 200</skipped></testcase><testcase classname="backend.tests.test_calendar_api.TestCalendarAPI" name="test_get_upcoming_events_with_params" time="0.000"><skipped type="pytest.skip" message="Authentication failed - signup: 200, login: 200">/app/backend/tests/test_calendar_api.py:330: Authentication failed - signup: 200, login: 200</skipped></testcase><testcase classname="backend.tests.test_calendar_api.TestCalendarAPI" name="test_cleanup_test_events" time="0.000"><skipped type="pytest.skip" message="Authentication failed - signup: 200, login: 200">/app/backend/tests/test_calendar_api.py:347: Authentication failed - signup: 200, login: 200</skipped></testcase></testsuite></testsuites>