<?xml version="1.0" encoding="utf-8"?><testsuites name="pytest tests"><testsuite name="pytest" errors="0" failures="0" skipped="0" tests="21" time="4.853" timestamp="2026-02-05T15:26:35.299150+00:00" hostname="agent-env-2282a652-cc6f-48b0-80f6-314ae5d954b3"><testcase classname="backend.tests.test_contacts_api.TestContactsAPI" name="test_list_tags_empty" time="0.746" /><testcase classname="backend.tests.test_contacts_api.TestContactsAPI" name="test_create_tag" time="0.149" /><testcase classname="backend.tests.test_contacts_api.TestContactsAPI" name="test_list_tags_after_create" time="0.195" /><testcase classname="backend.tests.test_contacts_api.TestContactsAPI" name="test_update_tag" time="0.253" /><testcase classname="backend.tests.test_contacts_api.TestContactsAPI" name="test_list_contacts_empty" time="0.165" /><testcase classname="backend.tests.test_contacts_api.TestContactsAPI" name="test_create_contact" time="0.195" /><testcase classname="backend.tests.test_contacts_api.TestContactsAPI" name="test_create_contact_minimal" time="0.173" /><testcase classname="backend.tests.test_contacts_api.TestContactsAPI" name="test_list_contacts_after_create" time="0.150" /><testcase classname="backend.tests.test_contacts_api.TestContactsAPI" name="test_get_contact_details" time="0.213" /><testcase classname="backend.tests.test_contacts_api.TestContactsAPI" name="test_update_contact" time="0.366" /><testcase classname="backend.tests.test_contacts_api.TestContactsAPI" name="test_filter_contacts_by_type" time="0.148" /><testcase classname="backend.tests.test_contacts_api.TestContactsAPI" name="test_filter_contacts_by_status" time="0.147" /><testcase classname="backend.tests.test_contacts_api.TestContactsAPI" name="test_filter_contacts_by_tag" time="0.176" /><testcase classname="backend.tests.test_contacts_api.TestContactsAPI" name="test_search_contacts" time="0.185" /><testcase classname="backend.tests.test_contacts_api.TestContactsAPI" name="test_delete_contact" time="0.397" /><testcase classname="backend.tests.test_contacts_api.TestContactsAPI" name="test_delete_tag" time="0.225" /><testcase classname="backend.tests.test_contacts_api.TestContactsEdgeCases" name="test_create_contact_without_name" time="0.368" /><testcase classname="backend.tests.test_contacts_api.TestContactsEdgeCases" name="test_get_nonexistent_contact" time="0.144" /><testcase classname="backend.tests.test_contacts_api.TestContactsEdgeCases" name="test_update_nonexistent_contact" time="0.164" /><testcase classname="backend.tests.test_contacts_api.TestContactsEdgeCases" name="test_delete_nonexistent_contact" time="0.154" /><testcase classname="backend.tests.test_contacts_api.TestContactsEdgeCases" name="test_unauthorized_access" time="0.078" /></testsuite></testsuites>