<?xml version="1.0" encoding="utf-8"?><testsuites name="pytest tests"><testsuite name="pytest" errors="0" failures="4" skipped="0" tests="21" time="6.371" timestamp="2026-02-05T15:24:03.938098+00:00" hostname="agent-env-2282a652-cc6f-48b0-80f6-314ae5d954b3"><testcase classname="backend.tests.test_contacts_api.TestContactsAPI" name="test_list_tags_empty" time="1.325" /><testcase classname="backend.tests.test_contacts_api.TestContactsAPI" name="test_create_tag" time="0.257" /><testcase classname="backend.tests.test_contacts_api.TestContactsAPI" name="test_list_tags_after_create" time="0.246" /><testcase classname="backend.tests.test_contacts_api.TestContactsAPI" name="test_update_tag" time="0.365" /><testcase classname="backend.tests.test_contacts_api.TestContactsAPI" name="test_list_contacts_empty" time="0.305" /><testcase classname="backend.tests.test_contacts_api.TestContactsAPI" name="test_create_contact" time="0.241" /><testcase classname="backend.tests.test_contacts_api.TestContactsAPI" name="test_create_contact_minimal" time="0.262" /><testcase classname="backend.tests.test_contacts_api.TestContactsAPI" name="test_list_contacts_after_create" time="0.247" /><testcase classname="backend.tests.test_contacts_api.TestContactsAPI" name="test_get_contact_details" time="0.381" /><testcase classname="backend.tests.test_contacts_api.TestContactsAPI" name="test_update_contact" time="0.285" /><testcase classname="backend.tests.test_contacts_api.TestContactsAPI" name="test_filter_contacts_by_type" time="0.152" /><testcase classname="backend.tests.test_contacts_api.TestContactsAPI" name="test_filter_contacts_by_status" time="0.161" /><testcase classname="backend.tests.test_contacts_api.TestContactsAPI" name="test_filter_contacts_by_tag" time="0.151" /><testcase classname="backend.tests.test_contacts_api.TestContactsAPI" name="test_search_contacts" time="0.178" /><testcase classname="backend.tests.test_contacts_api.TestContactsAPI" name="test_delete_contact" time="0.402"><failure message="assert 520 == 404&#10; +  where 520 = &lt;Response [520]&gt;.status_code">backend/tests/test_contacts_api.py:453: in test_delete_contact
    assert verify_response.status_code == 404
E   assert 520 == 404
E    +  where 520 = &lt;Response [520]&gt;.status_code</failure></testcase><testcase classname="backend.tests.test_contacts_api.TestContactsAPI" name="test_delete_tag" time="0.313" /><testcase classname="backend.tests.test_contacts_api.TestContactsEdgeCases" name="test_create_contact_without_name" time="0.398" /><testcase classname="backend.tests.test_contacts_api.TestContactsEdgeCases" name="test_get_nonexistent_contact" time="0.154"><failure message="assert 520 == 404&#10; +  where 520 = &lt;Response [520]&gt;.status_code">backend/tests/test_contacts_api.py:521: in test_get_nonexistent_contact
    assert response.status_code == 404
E   assert 520 == 404
E    +  where 520 = &lt;Response [520]&gt;.status_code</failure></testcase><testcase classname="backend.tests.test_contacts_api.TestContactsEdgeCases" name="test_update_nonexistent_contact" time="0.160"><failure message="assert 520 == 404&#10; +  where 520 = &lt;Response [520]&gt;.status_code">backend/tests/test_contacts_api.py:540: in test_update_nonexistent_contact
    assert response.status_code == 404
E   assert 520 == 404
E    +  where 520 = &lt;Response [520]&gt;.status_code</failure></testcase><testcase classname="backend.tests.test_contacts_api.TestContactsEdgeCases" name="test_delete_nonexistent_contact" time="0.167"><failure message="assert 520 == 404&#10; +  where 520 = &lt;Response [520]&gt;.status_code">backend/tests/test_contacts_api.py:555: in test_delete_nonexistent_contact
    assert response.status_code == 404
E   assert 520 == 404
E    +  where 520 = &lt;Response [520]&gt;.status_code</failure></testcase><testcase classname="backend.tests.test_contacts_api.TestContactsEdgeCases" name="test_unauthorized_access" time="0.040" /></testsuite></testsuites>