<?xml version="1.0" encoding="utf-8"?><testsuites name="pytest tests"><testsuite name="pytest" errors="0" failures="0" skipped="0" tests="9" time="12.670" timestamp="2026-04-02T17:51:31.087216+00:00" hostname="agent-env-28fffabc-c648-4a52-81ad-862578455e98"><testcase classname="backend.tests.test_deals_contacts_fixes.TestDealsPrivateByDefault" name="test_create_deal_defaults_to_private" time="2.632" /><testcase classname="backend.tests.test_deals_contacts_fixes.TestDealsPrivateByDefault" name="test_create_deal_without_pipeline_defaults_to_private" time="1.417" /><testcase classname="backend.tests.test_deals_contacts_fixes.TestDealVisibilityToggle" name="test_toggle_deal_visibility_to_team" time="2.587" /><testcase classname="backend.tests.test_deals_contacts_fixes.TestContactsCreation" name="test_create_contact_with_correct_fields" time="0.797" /><testcase classname="backend.tests.test_deals_contacts_fixes.TestContactsCreation" name="test_create_contact_with_minimal_fields" time="0.810" /><testcase classname="backend.tests.test_deals_contacts_fixes.TestContactsCreation" name="test_create_contact_with_follow_up_dates" time="0.856" /><testcase classname="backend.tests.test_deals_contacts_fixes.TestContactsUpdate" name="test_update_contact" time="1.532" /><testcase classname="backend.tests.test_deals_contacts_fixes.TestContactsGet" name="test_list_contacts" time="0.414" /><testcase classname="backend.tests.test_deals_contacts_fixes.TestContactsGet" name="test_get_single_contact" time="1.553" /></testsuite></testsuites>