<?xml version="1.0" encoding="utf-8"?><testsuites name="pytest tests"><testsuite name="pytest" errors="0" failures="0" skipped="0" tests="7" time="1.259" timestamp="2026-04-13T18:33:41.424166+00:00" hostname="agent-env-2cb655db-85e1-496f-9125-ac58246f8230"><testcase classname="tests.test_document_endpoints.TestDocumentEndpoints" name="test_upload_document_requires_auth" time="0.232" /><testcase classname="tests.test_document_endpoints.TestDocumentEndpoints" name="test_list_documents_requires_auth" time="0.172" /><testcase classname="tests.test_document_endpoints.TestDocumentEndpoints" name="test_delete_document_requires_auth" time="0.210" /><testcase classname="tests.test_document_endpoints.TestDocumentEndpoints" name="test_upload_document_endpoint_exists" time="0.166" /><testcase classname="tests.test_document_endpoints.TestDocumentEndpoints" name="test_list_documents_endpoint_exists" time="0.122" /><testcase classname="tests.test_document_endpoints.TestDocumentEndpoints" name="test_delete_document_endpoint_exists" time="0.175" /><testcase classname="tests.test_document_endpoints.TestHealthCheck" name="test_health_endpoint" time="0.127" /></testsuite></testsuites>