<?xml version="1.0" encoding="utf-8"?><testsuites name="pytest tests"><testsuite name="pytest" errors="0" failures="0" skipped="0" tests="13" time="5.609" timestamp="2026-02-06T16:14:29.143267+00:00" hostname="agent-env-a2aaea66-46b0-4616-8fee-835c9700b029"><testcase classname="backend.tests.test_deallinked_api.TestHealthCheck" name="test_health_endpoint" time="0.120" /><testcase classname="backend.tests.test_deallinked_api.TestAuthentication" name="test_signup_new_user" time="1.010" /><testcase classname="backend.tests.test_deallinked_api.TestAuthentication" name="test_login_user" time="0.621" /><testcase classname="backend.tests.test_deallinked_api.TestAuthentication" name="test_get_current_user" time="0.186" /><testcase classname="backend.tests.test_deallinked_api.TestPipelines" name="test_list_pipelines" time="0.546" /><testcase classname="backend.tests.test_deallinked_api.TestDeals" name="test_create_deal" time="0.766" /><testcase classname="backend.tests.test_deallinked_api.TestDeals" name="test_list_deals" time="0.193" /><testcase classname="backend.tests.test_deallinked_api.TestDeals" name="test_get_deal" time="0.328" /><testcase classname="backend.tests.test_deallinked_api.TestDeals" name="test_update_deal_stage" time="0.289" /><testcase classname="backend.tests.test_deallinked_api.TestDeals" name="test_delete_deal" time="0.309" /><testcase classname="backend.tests.test_deallinked_api.TestGeocoding" name="test_geocode_address" time="0.641" /><testcase classname="backend.tests.test_deallinked_api.TestGeocoding" name="test_autocomplete_address" time="0.316" /><testcase classname="backend.tests.test_deallinked_api.TestGeocoding" name="test_reverse_geocode" time="0.178" /></testsuite></testsuites>