<?xml version="1.0" encoding="utf-8"?><testsuites name="pytest tests"><testsuite name="pytest" errors="0" failures="0" skipped="0" tests="16" time="0.753" timestamp="2026-04-13T18:57:41.890989+00:00" hostname="agent-env-2cb655db-85e1-496f-9125-ac58246f8230"><testcase classname="backend.tests.test_filename_sanitization.TestFilenameSanitization" name="test_sanitization_regex_pattern" time="0.001" /><testcase classname="backend.tests.test_filename_sanitization.TestFilenameSanitization" name="test_macos_screenshot_filename_sanitization" time="0.000" /><testcase classname="backend.tests.test_filename_sanitization.TestFilenameSanitization" name="test_health_endpoint" time="0.220" /><testcase classname="backend.tests.test_filename_sanitization.TestFilenameSanitization" name="test_image_upload_endpoint_exists" time="0.165" /><testcase classname="backend.tests.test_filename_sanitization.TestFilenameSanitization" name="test_document_upload_endpoint_exists" time="0.177" /><testcase classname="backend.tests.test_filename_sanitization.TestFilenameSanitization" name="test_document_delete_endpoint_exists" time="0.130" /><testcase classname="backend.tests.test_filename_sanitization.TestCodeReview" name="test_server_py_has_image_sanitization" time="0.000" /><testcase classname="backend.tests.test_filename_sanitization.TestCodeReview" name="test_server_py_has_document_sanitization" time="0.000" /><testcase classname="backend.tests.test_filename_sanitization.TestCodeReview" name="test_server_py_delete_allows_deal_owner" time="0.000" /><testcase classname="backend.tests.test_filename_sanitization.TestCodeReview" name="test_mapview_has_contactformpanel_import" time="0.000" /><testcase classname="backend.tests.test_filename_sanitization.TestCodeReview" name="test_mapview_has_create_deal_contact_panel_state" time="0.000" /><testcase classname="backend.tests.test_filename_sanitization.TestCodeReview" name="test_mapview_renders_contactformpanel" time="0.000" /><testcase classname="backend.tests.test_filename_sanitization.TestCodeReview" name="test_mapview_has_create_new_contact_button" time="0.000" /><testcase classname="backend.tests.test_filename_sanitization.TestCodeReview" name="test_propertyintelligencepanel_uses_backend_api" time="0.000" /><testcase classname="backend.tests.test_filename_sanitization.TestCodeReview" name="test_propertyintelligencepanel_has_delete_button" time="0.000" /><testcase classname="backend.tests.test_filename_sanitization.TestCodeReview" name="test_dealdetails_has_delete_button" time="0.000" /></testsuite></testsuites>