<?xml version="1.0" encoding="utf-8"?><testsuites name="pytest tests"><testsuite name="pytest" errors="0" failures="0" skipped="0" tests="12" time="1.940" timestamp="2026-04-13T19:26:01.785002+00:00" hostname="agent-env-00d50e98-c7ec-4ad9-b715-1a00319b5917"><testcase classname="backend.tests.test_image_management.TestDeleteImageEndpoint" name="test_delete_image_endpoint_exists" time="0.143" /><testcase classname="backend.tests.test_image_management.TestDeleteImageEndpoint" name="test_delete_image_requires_auth" time="0.164" /><testcase classname="backend.tests.test_image_management.TestDeleteImageEndpoint" name="test_delete_image_with_fake_token_returns_401_or_403" time="0.311" /><testcase classname="backend.tests.test_image_management.TestDeleteImageEndpoint" name="test_delete_image_index_is_integer" time="0.125" /><testcase classname="backend.tests.test_image_management.TestDeleteImageEndpoint" name="test_delete_image_response_structure_on_valid_auth" time="0.117" /><testcase classname="backend.tests.test_image_management.TestReorderImagesEndpoint" name="test_reorder_endpoint_exists" time="0.187" /><testcase classname="backend.tests.test_image_management.TestReorderImagesEndpoint" name="test_reorder_requires_auth" time="0.118" /><testcase classname="backend.tests.test_image_management.TestReorderImagesEndpoint" name="test_reorder_validates_payload" time="0.118" /><testcase classname="backend.tests.test_image_management.TestReorderImagesEndpoint" name="test_reorder_with_fake_token" time="0.242" /><testcase classname="backend.tests.test_image_management.TestImageUploadResponseStructure" name="test_upload_image_endpoint_exists" time="0.112" /><testcase classname="backend.tests.test_image_management.TestImageUploadResponseStructure" name="test_upload_image_requires_auth" time="0.111" /><testcase classname="backend.tests.test_image_management.TestHealthCheck" name="test_health_endpoint" time="0.133" /></testsuite></testsuites>