<?xml version="1.0" encoding="utf-8"?><testsuites name="pytest tests"><testsuite name="pytest" errors="0" failures="2" skipped="0" tests="16" time="12.845" timestamp="2026-02-09T19:43:08.064126+00:00" hostname="agent-env-c79f5947-fb25-4701-b206-5628767793e8"><testcase classname="tests.test_mapview_contacts.TestMapViewContacts" name="test_list_contacts" time="0.907" /><testcase classname="tests.test_mapview_contacts.TestMapViewContacts" name="test_create_contact" time="0.339" /><testcase classname="tests.test_mapview_contacts.TestMapViewContacts" name="test_create_contact_with_type[Buyer]" time="0.340" /><testcase classname="tests.test_mapview_contacts.TestMapViewContacts" name="test_create_contact_with_type[Seller]" time="0.278" /><testcase classname="tests.test_mapview_contacts.TestMapViewContacts" name="test_create_contact_with_type[Broker]" time="0.298" /><testcase classname="tests.test_mapview_contacts.TestMapViewContacts" name="test_create_contact_with_type[Landlord]" time="0.333" /><testcase classname="tests.test_mapview_contacts.TestMapViewContacts" name="test_create_contact_with_type[Tenant]" time="0.435" /><testcase classname="tests.test_mapview_contacts.TestMapViewContacts" name="test_create_contact_with_type[Other]" time="0.312" /><testcase classname="tests.test_mapview_contacts.TestMapViewContacts" name="test_link_contact_to_deal" time="1.718" /><testcase classname="tests.test_mapview_contacts.TestMapViewContacts" name="test_unlink_contact_from_deal" time="1.928" /><testcase classname="tests.test_mapview_contacts.TestMapViewContacts" name="test_get_deal_with_contacts" time="0.492" /><testcase classname="tests.test_mapview_contacts.TestMapViewContacts" name="test_create_and_link_contact_flow" time="1.258" /><testcase classname="tests.test_mapview_contacts.TestMapViewContacts" name="test_contacts_search" time="0.618" /><testcase classname="tests.test_mapview_contacts.TestMapViewContactsEdgeCases" name="test_create_contact_minimal_fields" time="0.771" /><testcase classname="tests.test_mapview_contacts.TestMapViewContactsEdgeCases" name="test_link_nonexistent_contact" time="0.947"><failure message="AssertionError: Expected error but got 520&#10;assert 520 in [404, 400, 500]&#10; +  where 520 = &lt;Response [520]&gt;.status_code">tests/test_mapview_contacts.py:402: in test_link_nonexistent_contact
    assert response.status_code in [404, 400, 500], f"Expected error but got {response.status_code}"
E   AssertionError: Expected error but got 520
E   assert 520 in [404, 400, 500]
E    +  where 520 = &lt;Response [520]&gt;.status_code</failure></testcase><testcase classname="tests.test_mapview_contacts.TestMapViewContactsEdgeCases" name="test_link_same_contact_twice" time="1.716"><failure message="assert 520 == 200&#10; +  where 520 = &lt;Response [520]&gt;.status_code">tests/test_mapview_contacts.py:433: in test_link_same_contact_twice
    assert response2.status_code == 200
E   assert 520 == 200
E    +  where 520 = &lt;Response [520]&gt;.status_code</failure></testcase></testsuite></testsuites>