<?xml version="1.0" encoding="utf-8"?><testsuites name="pytest tests"><testsuite name="pytest" errors="0" failures="1" skipped="0" tests="9" time="7.775" timestamp="2026-02-06T17:51:08.757464+00:00" hostname="agent-env-51c4bf6e-a89e-4562-bcf6-caf62eea1a01"><testcase classname="backend.tests.test_new_features_v2.TestBackendFeatures" name="test_health_endpoint" time="0.552"><failure message="AssertionError: assert 'healthy' == 'ok'&#10;  &#10;  - ok&#10;  + healthy">backend/tests/test_new_features_v2.py:85: in test_health_endpoint
    assert data.get("status") == "ok"
E   AssertionError: assert 'healthy' == 'ok'
E     
E     - ok
E     + healthy</failure></testcase><testcase classname="backend.tests.test_new_features_v2.TestBackendFeatures" name="test_deals_list_endpoint" time="0.807" /><testcase classname="backend.tests.test_new_features_v2.TestBackendFeatures" name="test_deals_list_with_location_filter" time="0.439" /><testcase classname="backend.tests.test_new_features_v2.TestBackendFeatures" name="test_deals_list_with_asset_type_filter" time="0.444" /><testcase classname="backend.tests.test_new_features_v2.TestBackendFeatures" name="test_create_deal_and_get_with_contacts" time="1.598" /><testcase classname="backend.tests.test_new_features_v2.TestBackendFeatures" name="test_contacts_list_endpoint" time="0.495" /><testcase classname="backend.tests.test_new_features_v2.TestBackendFeatures" name="test_contacts_tag_filter" time="1.587" /><testcase classname="backend.tests.test_new_features_v2.TestBackendFeatures" name="test_contacts_tags_endpoint" time="0.521" /><testcase classname="backend.tests.test_new_features_v2.TestBackendFeatures" name="test_create_and_list_tags" time="1.177" /></testsuite></testsuites>