<?xml version="1.0" encoding="utf-8"?><testsuites name="pytest tests"><testsuite name="pytest" errors="0" failures="0" skipped="0" tests="9" time="3.736" timestamp="2026-02-06T17:02:47.924324+00:00" hostname="agent-env-a2aaea66-46b0-4616-8fee-835c9700b029"><testcase classname="tests.test_new_features.TestBackendHealth" name="test_health_endpoint" time="0.088" /><testcase classname="tests.test_new_features.TestAuthAndDataLoad" name="test_deals_load_after_login" time="0.604" /><testcase classname="tests.test_new_features.TestAuthAndDataLoad" name="test_pipelines_load_after_login" time="0.267" /><testcase classname="tests.test_new_features.TestAuthAndDataLoad" name="test_contacts_load_after_login" time="0.237" /><testcase classname="tests.test_new_features.TestAuthAndDataLoad" name="test_teams_load_after_login" time="0.295" /><testcase classname="tests.test_new_features.TestBulkImportEndpoint" name="test_bulk_import_success" time="0.634" /><testcase classname="tests.test_new_features.TestBulkImportEndpoint" name="test_bulk_import_requires_name" time="0.039" /><testcase classname="tests.test_new_features.TestBulkImportEndpoint" name="test_bulk_import_empty_list" time="0.175" /><testcase classname="tests.test_new_features.TestDealDocuments" name="test_deal_endpoint_includes_documents" time="1.342" /></testsuite></testsuites>