<?xml version="1.0" encoding="utf-8"?><testsuites name="pytest tests"><testsuite name="pytest" errors="0" failures="0" skipped="0" tests="9" time="8.165" timestamp="2026-02-06T17:52:25.361067+00:00" hostname="agent-env-51c4bf6e-a89e-4562-bcf6-caf62eea1a01"><testcase classname="backend.tests.test_new_features_v2.TestBackendFeatures" name="test_health_endpoint" time="0.325" /><testcase classname="backend.tests.test_new_features_v2.TestBackendFeatures" name="test_deals_list_endpoint" time="0.579" /><testcase classname="backend.tests.test_new_features_v2.TestBackendFeatures" name="test_deals_list_with_location_filter" time="0.434" /><testcase classname="backend.tests.test_new_features_v2.TestBackendFeatures" name="test_deals_list_with_asset_type_filter" time="0.471" /><testcase classname="backend.tests.test_new_features_v2.TestBackendFeatures" name="test_create_deal_and_get_with_contacts" time="2.680" /><testcase classname="backend.tests.test_new_features_v2.TestBackendFeatures" name="test_contacts_list_endpoint" time="0.438" /><testcase classname="backend.tests.test_new_features_v2.TestBackendFeatures" name="test_contacts_tag_filter" time="1.625" /><testcase classname="backend.tests.test_new_features_v2.TestBackendFeatures" name="test_contacts_tags_endpoint" time="0.456" /><testcase classname="backend.tests.test_new_features_v2.TestBackendFeatures" name="test_create_and_list_tags" time="1.087" /></testsuite></testsuites>