<?xml version="1.0" encoding="utf-8"?><testsuites name="pytest tests"><testsuite name="pytest" errors="0" failures="2" skipped="0" tests="15" time="12.014" timestamp="2026-02-06T19:51:56.280556+00:00" hostname="agent-env-51c4bf6e-a89e-4562-bcf6-caf62eea1a01"><testcase classname="tests.test_pipeline_tags_features.TestPipelineCreate" name="test_create_pipeline_success" time="1.583" /><testcase classname="tests.test_pipeline_tags_features.TestPipelineRename" name="test_rename_pipeline_success" time="0.482" /><testcase classname="tests.test_pipeline_tags_features.TestPipelineRename" name="test_rename_pipeline_not_found" time="0.358" /><testcase classname="tests.test_pipeline_tags_features.TestPipelineStagesReorder" name="test_get_pipeline_stages" time="0.360" /><testcase classname="tests.test_pipeline_tags_features.TestPipelineStagesReorder" name="test_reorder_stages_success" time="0.995" /><testcase classname="tests.test_pipeline_tags_features.TestPipelineStagesReorder" name="test_reorder_stages_invalid_pipeline" time="0.362" /><testcase classname="tests.test_pipeline_tags_features.TestPipelineDelete" name="test_delete_empty_pipeline_success" time="0.927" /><testcase classname="tests.test_pipeline_tags_features.TestPipelineDelete" name="test_delete_pipeline_not_found" time="0.362" /><testcase classname="tests.test_pipeline_tags_features.TestTagCreate" name="test_create_tag_success" time="0.313" /><testcase classname="tests.test_pipeline_tags_features.TestTagEdit" name="test_edit_tag_name_success" time="0.429" /><testcase classname="tests.test_pipeline_tags_features.TestTagEdit" name="test_edit_tag_color_success" time="0.376" /><testcase classname="tests.test_pipeline_tags_features.TestTagEdit" name="test_edit_tag_not_found" time="0.286"><failure message="AssertionError: Expected 404, got 520&#10;assert 520 == 404&#10; +  where 520 = &lt;Response [520]&gt;.status_code">tests/test_pipeline_tags_features.py:323: in test_edit_tag_not_found
    assert response.status_code == 404, f"Expected 404, got {response.status_code}"
E   AssertionError: Expected 404, got 520
E   assert 520 == 404
E    +  where 520 = &lt;Response [520]&gt;.status_code</failure></testcase><testcase classname="tests.test_pipeline_tags_features.TestTagDelete" name="test_delete_tag_success" time="0.710" /><testcase classname="tests.test_pipeline_tags_features.TestTagDelete" name="test_delete_tag_not_found" time="0.343"><failure message="AssertionError: Expected 404, got 520&#10;assert 520 == 404&#10; +  where 520 = &lt;Response [520]&gt;.status_code">tests/test_pipeline_tags_features.py:354: in test_delete_tag_not_found
    assert response.status_code == 404, f"Expected 404, got {response.status_code}"
E   AssertionError: Expected 404, got 520
E   assert 520 == 404
E    +  where 520 = &lt;Response [520]&gt;.status_code</failure></testcase><testcase classname="tests.test_pipeline_tags_features.TestPipelineIntegration" name="test_full_pipeline_workflow" time="4.004" /></testsuite></testsuites>