<?xml version="1.0" encoding="utf-8"?><testsuites name="pytest tests"><testsuite name="pytest" errors="0" failures="0" skipped="16" tests="16" time="0.643" timestamp="2026-02-06T19:50:41.227679+00:00" hostname="agent-env-51c4bf6e-a89e-4562-bcf6-caf62eea1a01"><testcase classname="tests.test_pipeline_tags_features.TestPipelineCreate" name="test_create_pipeline_success" time="0.457"><skipped type="pytest.skip" message="Could not authenticate - skipping tests">/app/backend/tests/test_pipeline_tags_features.py:89: Could not authenticate - skipping tests</skipped></testcase><testcase classname="tests.test_pipeline_tags_features.TestPipelineCreate" name="test_create_pipeline_empty_name" time="0.000"><skipped type="pytest.skip" message="Could not authenticate - skipping tests">/app/backend/tests/test_pipeline_tags_features.py:108: Could not authenticate - skipping tests</skipped></testcase><testcase classname="tests.test_pipeline_tags_features.TestPipelineRename" name="test_rename_pipeline_success" time="0.000"><skipped type="pytest.skip" message="Could not authenticate - skipping tests">/app/backend/tests/test_pipeline_tags_features.py:122: Could not authenticate - skipping tests</skipped></testcase><testcase classname="tests.test_pipeline_tags_features.TestPipelineRename" name="test_rename_pipeline_not_found" time="0.000"><skipped type="pytest.skip" message="Could not authenticate - skipping tests">/app/backend/tests/test_pipeline_tags_features.py:146: Could not authenticate - skipping tests</skipped></testcase><testcase classname="tests.test_pipeline_tags_features.TestPipelineStagesReorder" name="test_get_pipeline_stages" time="0.012"><skipped type="pytest.skip" message="Could not authenticate - skipping tests">/app/backend/tests/test_pipeline_tags_features.py:161: Could not authenticate - skipping tests</skipped></testcase><testcase classname="tests.test_pipeline_tags_features.TestPipelineStagesReorder" name="test_reorder_stages_success" time="0.000"><skipped type="pytest.skip" message="Could not authenticate - skipping tests">/app/backend/tests/test_pipeline_tags_features.py:181: Could not authenticate - skipping tests</skipped></testcase><testcase classname="tests.test_pipeline_tags_features.TestPipelineStagesReorder" name="test_reorder_stages_invalid_pipeline" time="0.000"><skipped type="pytest.skip" message="Could not authenticate - skipping tests">/app/backend/tests/test_pipeline_tags_features.py:207: Could not authenticate - skipping tests</skipped></testcase><testcase classname="tests.test_pipeline_tags_features.TestPipelineDelete" name="test_delete_empty_pipeline_success" time="0.000"><skipped type="pytest.skip" message="Could not authenticate - skipping tests">/app/backend/tests/test_pipeline_tags_features.py:221: Could not authenticate - skipping tests</skipped></testcase><testcase classname="tests.test_pipeline_tags_features.TestPipelineDelete" name="test_delete_pipeline_not_found" time="0.000"><skipped type="pytest.skip" message="Could not authenticate - skipping tests">/app/backend/tests/test_pipeline_tags_features.py:245: Could not authenticate - skipping tests</skipped></testcase><testcase classname="tests.test_pipeline_tags_features.TestTagCreate" name="test_create_tag_success" time="0.000"><skipped type="pytest.skip" message="Could not authenticate - skipping tests">/app/backend/tests/test_pipeline_tags_features.py:260: Could not authenticate - skipping tests</skipped></testcase><testcase classname="tests.test_pipeline_tags_features.TestTagEdit" name="test_edit_tag_name_success" time="0.000"><skipped type="pytest.skip" message="Could not authenticate - skipping tests">/app/backend/tests/test_pipeline_tags_features.py:284: Could not authenticate - skipping tests</skipped></testcase><testcase classname="tests.test_pipeline_tags_features.TestTagEdit" name="test_edit_tag_color_success" time="0.000"><skipped type="pytest.skip" message="Could not authenticate - skipping tests">/app/backend/tests/test_pipeline_tags_features.py:308: Could not authenticate - skipping tests</skipped></testcase><testcase classname="tests.test_pipeline_tags_features.TestTagEdit" name="test_edit_tag_not_found" time="0.000"><skipped type="pytest.skip" message="Could not authenticate - skipping tests">/app/backend/tests/test_pipeline_tags_features.py:326: Could not authenticate - skipping tests</skipped></testcase><testcase classname="tests.test_pipeline_tags_features.TestTagDelete" name="test_delete_tag_success" time="0.000"><skipped type="pytest.skip" message="Could not authenticate - skipping tests">/app/backend/tests/test_pipeline_tags_features.py:340: Could not authenticate - skipping tests</skipped></testcase><testcase classname="tests.test_pipeline_tags_features.TestTagDelete" name="test_delete_tag_not_found" time="0.000"><skipped type="pytest.skip" message="Could not authenticate - skipping tests">/app/backend/tests/test_pipeline_tags_features.py:367: Could not authenticate - skipping tests</skipped></testcase><testcase classname="tests.test_pipeline_tags_features.TestPipelineIntegration" name="test_full_pipeline_workflow" time="0.000"><skipped type="pytest.skip" message="Could not authenticate - skipping tests">/app/backend/tests/test_pipeline_tags_features.py:382: Could not authenticate - skipping tests</skipped></testcase></testsuite></testsuites>