<?xml version="1.0" encoding="utf-8"?><testsuites name="pytest tests"><testsuite name="pytest" errors="0" failures="0" skipped="0" tests="5" time="3.930" timestamp="2026-04-03T14:52:35.445215+00:00" hostname="agent-env-28fffabc-c648-4a52-81ad-862578455e98"><testcase classname="backend.tests.test_portal_notes_layout.TestShareEndpoint" name="test_share_endpoint_returns_notes" time="0.606" /><testcase classname="backend.tests.test_portal_notes_layout.TestPortalEndpoints" name="test_portal_deals_list_returns_notes" time="0.883" /><testcase classname="backend.tests.test_portal_notes_layout.TestPortalEndpoints" name="test_portal_deal_detail_returns_notes" time="1.062" /><testcase classname="backend.tests.test_portal_notes_layout.TestPortalEndpoints" name="test_portal_deal_detail_has_agent_info" time="1.079" /><testcase classname="backend.tests.test_portal_notes_layout.TestHealthCheck" name="test_health_endpoint" time="0.127" /></testsuite></testsuites>