<?xml version="1.0" encoding="utf-8"?><testsuites name="pytest tests"><testsuite name="pytest" errors="0" failures="0" skipped="0" tests="11" time="1.520" timestamp="2026-04-13T17:31:48.324827+00:00" hostname="agent-env-2cb655db-85e1-496f-9125-ac58246f8230"><testcase classname="backend.tests.test_portal_collaborators.TestPortalCollaboratorsAPI" name="test_health_check" time="0.227" /><testcase classname="backend.tests.test_portal_collaborators.TestPortalCollaboratorsAPI" name="test_list_collaborators_requires_auth" time="0.128" /><testcase classname="backend.tests.test_portal_collaborators.TestPortalCollaboratorsAPI" name="test_add_collaborator_requires_auth" time="0.132" /><testcase classname="backend.tests.test_portal_collaborators.TestPortalCollaboratorsAPI" name="test_remove_collaborator_requires_auth" time="0.140" /><testcase classname="backend.tests.test_portal_collaborators.TestPortalCollaboratorsAPI" name="test_list_portals_requires_auth" time="0.121" /><testcase classname="backend.tests.test_portal_collaborators.TestPortalCollaboratorsAPI" name="test_teams_members_requires_auth" time="0.124" /><testcase classname="backend.tests.test_portal_collaborators.TestDealsDeleteAPI" name="test_delete_deal_requires_auth" time="0.122" /><testcase classname="backend.tests.test_portal_collaborators.TestDealsDeleteAPI" name="test_delete_deal_endpoint_exists" time="0.120" /><testcase classname="backend.tests.test_portal_collaborators.TestPortalEndpointsExist" name="test_collaborators_list_endpoint_exists" time="0.127" /><testcase classname="backend.tests.test_portal_collaborators.TestPortalEndpointsExist" name="test_collaborators_add_endpoint_exists" time="0.113" /><testcase classname="backend.tests.test_portal_collaborators.TestPortalEndpointsExist" name="test_collaborators_remove_endpoint_exists" time="0.110" /></testsuite></testsuites>