<?xml version="1.0" encoding="utf-8"?><testsuites name="pytest tests"><testsuite name="pytest" errors="0" failures="0" skipped="0" tests="15" time="11.072" timestamp="2026-02-19T17:33:44.245488+00:00" hostname="agent-env-27e696f1-8dc6-4b8b-8881-19e443395eef"><testcase classname="backend.tests.test_portal_investor.TestPortalAuthentication" name="test_auth_with_valid_credentials" time="0.581" /><testcase classname="backend.tests.test_portal_investor.TestPortalAuthentication" name="test_auth_with_invalid_code" time="0.367" /><testcase classname="backend.tests.test_portal_investor.TestPortalAuthentication" name="test_auth_with_wrong_name" time="0.336" /><testcase classname="backend.tests.test_portal_investor.TestPortalAuthentication" name="test_auth_with_nonexistent_portal" time="0.365" /><testcase classname="backend.tests.test_portal_investor.TestPortalDeals" name="test_list_deals" time="1.294" /><testcase classname="backend.tests.test_portal_investor.TestPortalDeals" name="test_list_deals_without_session" time="0.268" /><testcase classname="backend.tests.test_portal_investor.TestPortalDeals" name="test_get_deal_detail" time="1.543" /><testcase classname="backend.tests.test_portal_investor.TestPortalDeals" name="test_get_deal_detail_without_session" time="0.126" /><testcase classname="backend.tests.test_portal_investor.TestPortalSavedDeals" name="test_save_deal" time="1.299" /><testcase classname="backend.tests.test_portal_investor.TestPortalSavedDeals" name="test_list_saved_deals" time="1.016" /><testcase classname="backend.tests.test_portal_investor.TestPortalSavedDeals" name="test_unsave_deal" time="1.666" /><testcase classname="backend.tests.test_portal_investor.TestPortalSavedDeals" name="test_save_deal_without_session" time="0.126" /><testcase classname="backend.tests.test_portal_investor.TestPortalNoEditCapabilities" name="test_no_deal_update_endpoint" time="0.568" /><testcase classname="backend.tests.test_portal_investor.TestPortalNoEditCapabilities" name="test_no_deal_delete_endpoint" time="0.810" /><testcase classname="backend.tests.test_portal_investor.TestPortalNoEditCapabilities" name="test_no_deal_create_endpoint" time="0.633" /></testsuite></testsuites>