<?xml version="1.0" encoding="utf-8"?><testsuites name="pytest tests"><testsuite name="pytest" errors="0" failures="1" skipped="0" tests="22" time="13.782" timestamp="2026-02-19T17:15:48.768700+00:00" hostname="agent-env-27e696f1-8dc6-4b8b-8881-19e443395eef"><testcase classname="backend.tests.test_portals.TestPortalsCRUD" name="test_list_portals_success" time="1.658" /><testcase classname="backend.tests.test_portals.TestPortalsCRUD" name="test_create_portal_success" time="0.334" /><testcase classname="backend.tests.test_portals.TestPortalsCRUD" name="test_get_portal_success" time="0.503" /><testcase classname="backend.tests.test_portals.TestPortalsCRUD" name="test_update_portal_success" time="0.482" /><testcase classname="backend.tests.test_portals.TestPortalsCRUD" name="test_get_portal_not_found" time="0.433"><failure message="assert 520 == 404&#10; +  where 520 = &lt;Response [520]&gt;.status_code">backend/tests/test_portals.py:129: in test_get_portal_not_found
    assert response.status_code == 404
E   assert 520 == 404
E    +  where 520 = &lt;Response [520]&gt;.status_code</failure></testcase><testcase classname="backend.tests.test_portals.TestPortalDeals" name="test_list_portal_deals_empty" time="0.554" /><testcase classname="backend.tests.test_portals.TestPortalDeals" name="test_add_deal_to_portal" time="1.021" /><testcase classname="backend.tests.test_portals.TestPortalDeals" name="test_verify_deal_added" time="0.739" /><testcase classname="backend.tests.test_portals.TestPortalDeals" name="test_remove_deal_from_portal" time="0.508" /><testcase classname="backend.tests.test_portals.TestPortalMembers" name="test_list_members_empty" time="0.460" /><testcase classname="backend.tests.test_portals.TestPortalMembers" name="test_add_member_success" time="0.522" /><testcase classname="backend.tests.test_portals.TestPortalMembers" name="test_verify_member_added" time="0.481" /><testcase classname="backend.tests.test_portals.TestPortalMembers" name="test_regenerate_code" time="0.992" /><testcase classname="backend.tests.test_portals.TestPortalMembers" name="test_revoke_member_access" time="0.630" /><testcase classname="backend.tests.test_portals.TestPortalMembers" name="test_verify_member_revoked" time="0.470" /><testcase classname="backend.tests.test_portals.TestPortalMembers" name="test_restore_member_access" time="0.590" /><testcase classname="backend.tests.test_portals.TestPortalMembers" name="test_verify_member_restored" time="0.464" /><testcase classname="backend.tests.test_portals.TestPortalCleanup" name="test_delete_portal_success" time="0.376" /><testcase classname="backend.tests.test_portals.TestPortalCleanup" name="test_verify_portal_deleted" time="0.322" /><testcase classname="backend.tests.test_portals.TestExistingPortal" name="test_list_portals_shows_existing" time="0.525" /><testcase classname="backend.tests.test_portals.TestExistingPortal" name="test_existing_portal_has_deals" time="0.994" /><testcase classname="backend.tests.test_portals.TestExistingPortal" name="test_existing_portal_has_members" time="0.493" /></testsuite></testsuites>