<?xml version="1.0" encoding="utf-8"?><testsuites name="pytest tests"><testsuite name="pytest" errors="0" failures="0" skipped="0" tests="13" time="3.507" timestamp="2026-02-05T05:45:01.611665+00:00" hostname="agent-env-247c61d8-94ae-4c27-ac76-278de34e71a2"><testcase classname="backend.tests.test_deallinked_api.TestHealthCheck" name="test_health_endpoint" time="0.078" /><testcase classname="backend.tests.test_deallinked_api.TestAuthentication" name="test_signup_new_user" time="0.288" /><testcase classname="backend.tests.test_deallinked_api.TestAuthentication" name="test_login_user" time="0.283" /><testcase classname="backend.tests.test_deallinked_api.TestAuthentication" name="test_get_current_user" time="0.134" /><testcase classname="backend.tests.test_deallinked_api.TestPipelines" name="test_list_pipelines" time="0.429" /><testcase classname="backend.tests.test_deallinked_api.TestDeals" name="test_create_deal" time="0.608" /><testcase classname="backend.tests.test_deallinked_api.TestDeals" name="test_list_deals" time="0.144" /><testcase classname="backend.tests.test_deallinked_api.TestDeals" name="test_get_deal" time="0.239" /><testcase classname="backend.tests.test_deallinked_api.TestDeals" name="test_update_deal_stage" time="0.208" /><testcase classname="backend.tests.test_deallinked_api.TestDeals" name="test_delete_deal" time="0.180" /><testcase classname="backend.tests.test_deallinked_api.TestGeocoding" name="test_geocode_address" time="0.493" /><testcase classname="backend.tests.test_deallinked_api.TestGeocoding" name="test_autocomplete_address" time="0.197" /><testcase classname="backend.tests.test_deallinked_api.TestGeocoding" name="test_reverse_geocode" time="0.161" /></testsuite></testsuites>