<?xml version="1.0" encoding="utf-8"?><testsuites name="pytest tests"><testsuite name="pytest" errors="0" failures="0" skipped="0" tests="13" time="62.665" timestamp="2026-02-10T18:55:08.309000+00:00" hostname="agent-env-27e696f1-8dc6-4b8b-8881-19e443395eef"><testcase classname="backend.tests.test_teams.TestGetTeam" name="test_get_team_success" time="0.819" /><testcase classname="backend.tests.test_teams.TestGetTeam" name="test_get_team_without_auth" time="0.037" /><testcase classname="backend.tests.test_teams.TestGetTeamMembers" name="test_get_members_success" time="0.483" /><testcase classname="backend.tests.test_teams.TestGetTeamStats" name="test_get_stats_success" time="0.944" /><testcase classname="backend.tests.test_teams.TestGetTeamStats" name="test_get_stats_wrong_team" time="0.300" /><testcase classname="backend.tests.test_teams.TestUpdateTeam" name="test_update_team_name" time="1.490" /><testcase classname="backend.tests.test_teams.TestUpdateTeam" name="test_update_team_empty_name" time="2.504" /><testcase classname="backend.tests.test_teams.TestInviteMember" name="test_invite_nonexistent_user" time="0.562" /><testcase classname="backend.tests.test_teams.TestInviteMember" name="test_invite_without_email" time="52.284" /><testcase classname="backend.tests.test_teams.TestUpdateMemberRole" name="test_update_role_nonexistent_member" time="0.664" /><testcase classname="backend.tests.test_teams.TestUpdateMemberRole" name="test_update_role_to_owner" time="0.972" /><testcase classname="backend.tests.test_teams.TestRemoveMember" name="test_remove_nonexistent_member" time="0.562" /><testcase classname="backend.tests.test_teams.TestRemoveMember" name="test_cannot_remove_self_as_owner" time="0.975" /></testsuite></testsuites>