<?xml version="1.0" encoding="utf-8"?><testsuites name="pytest tests"><testsuite name="pytest" errors="0" failures="0" skipped="0" tests="14" time="3.986" timestamp="2026-02-26T18:15:28.156196+00:00" hostname="agent-env-a8a598d4-133b-4a4d-a48a-ea3e4375567d"><testcase classname="backend.tests.test_timeline_features_v2.TestHealthCheck" name="test_health_endpoint" time="0.266" /><testcase classname="backend.tests.test_timeline_features_v2.TestMilestoneDocumentsTable" name="test_milestone_documents_table_exists" time="0.292" /><testcase classname="backend.tests.test_timeline_features_v2.TestTimelineSorting" name="test_milestone_sorting_via_direct_db_check" time="2.270" /><testcase classname="backend.tests.test_timeline_features_v2.TestMilestoneCreationWithFields" name="test_create_milestone_with_all_fields" time="0.246" /><testcase classname="backend.tests.test_timeline_features_v2.TestMilestoneCreationWithFields" name="test_create_milestone_without_date" time="0.256" /><testcase classname="backend.tests.test_timeline_features_v2.TestMilestoneDocumentEndpoints" name="test_upload_document_without_auth" time="0.134" /><testcase classname="backend.tests.test_timeline_features_v2.TestMilestoneDocumentEndpoints" name="test_delete_document_without_auth" time="0.126" /><testcase classname="backend.tests.test_timeline_features_v2.TestTimelineEndpointResponses" name="test_get_timeline_without_auth" time="0.127" /><testcase classname="backend.tests.test_timeline_features_v2.TestTimelineEndpointResponses" name="test_create_milestone_endpoint_exists" time="0.152" /><testcase classname="backend.tests.test_timeline_features_v2.TestDealDetailsActivityTabRemoved" name="test_activity_tab_import_removed" time="0.001" /><testcase classname="backend.tests.test_timeline_features_v2.TestDealDetailsActivityTabRemoved" name="test_activity_tab_removed_from_tabs" time="0.000" /><testcase classname="backend.tests.test_timeline_features_v2.TestCriticalDatesTimelineComponent" name="test_inline_add_form_elements_exist" time="0.001" /><testcase classname="backend.tests.test_timeline_features_v2.TestCriticalDatesTimelineComponent" name="test_document_upload_button_exists" time="0.000" /><testcase classname="backend.tests.test_timeline_features_v2.TestCriticalDatesTimelineComponent" name="test_document_list_display" time="0.001" /></testsuite></testsuites>