<?xml version="1.0" encoding="utf-8"?><testsuites name="pytest tests"><testsuite name="pytest" errors="0" failures="0" skipped="1" tests="12" time="3.191" timestamp="2026-02-26T16:50:23.147605+00:00" hostname="agent-env-0384dbae-242d-4265-bab4-f7c30c408c0c"><testcase classname="tests.test_timeline_api.TestHealthCheck" name="test_health_endpoint" time="0.211" /><testcase classname="tests.test_timeline_api.TestTimelineAPIWithoutAuth" name="test_get_timeline_without_auth" time="0.111" /><testcase classname="tests.test_timeline_api.TestTimelineAPIWithoutAuth" name="test_initialize_timeline_without_auth" time="0.143" /><testcase classname="tests.test_timeline_api.TestTimelineAPIWithoutAuth" name="test_create_milestone_without_auth" time="0.180" /><testcase classname="tests.test_timeline_api.TestTimelineAPIWithoutAuth" name="test_dashboard_upcoming_deadlines_without_auth" time="0.295" /><testcase classname="tests.test_timeline_api.TestTimelineAPIWithAuth" name="test_timeline_crud_flow" time="0.000"><skipped type="pytest.skip" message="No auth token available - skipping authenticated tests">/app/backend/tests/test_timeline_api.py:143: No auth token available - skipping authenticated tests</skipped></testcase><testcase classname="tests.test_timeline_api.TestDashboardEndpoints" name="test_dashboard_stats_without_auth" time="0.128" /><testcase classname="tests.test_timeline_api.TestDashboardEndpoints" name="test_dashboard_recent_activity_without_auth" time="0.369" /><testcase classname="tests.test_timeline_api.TestPipelineColorOptions" name="test_pipeline_stages_endpoint_exists" time="0.297" /><testcase classname="tests.test_timeline_api.TestTimelineAPIDirectDB" name="test_deal_timelines_table_exists" time="0.424" /><testcase classname="tests.test_timeline_api.TestTimelineAPIDirectDB" name="test_deals_table_accessible" time="0.134" /><testcase classname="tests.test_timeline_api.TestTimelineAPIDirectDB" name="test_create_and_delete_milestone_direct" time="0.836" /></testsuite></testsuites>