<?xml version="1.0" encoding="utf-8"?><testsuites name="pytest tests"><testsuite name="pytest" errors="0" failures="1" skipped="0" tests="12" time="5.602" timestamp="2026-02-06T18:10:31.110935+00:00" hostname="agent-env-51c4bf6e-a89e-4562-bcf6-caf62eea1a01"><testcase classname="tests.test_new_features_v3.TestDealVisibilityAPI" name="test_deal_visibility_shared_with_team" time="1.722" /><testcase classname="tests.test_new_features_v3.TestDealVisibilityAPI" name="test_deal_visibility_set_private" time="0.255" /><testcase classname="tests.test_new_features_v3.TestDealVisibilityAPI" name="test_deal_visibility_toggle_back_to_shared" time="0.336" /><testcase classname="tests.test_new_features_v3.TestDealVisibilityAPI" name="test_deal_visibility_invalid_deal_id" time="0.197"><failure message="AssertionError: Expected 404 for invalid deal, got 520&#10;assert 520 == 404&#10; +  where 520 = &lt;Response [520]&gt;.status_code">tests/test_new_features_v3.py:190: in test_deal_visibility_invalid_deal_id
    assert response.status_code == 404, f"Expected 404 for invalid deal, got {response.status_code}"
E   AssertionError: Expected 404 for invalid deal, got 520
E   assert 520 == 404
E    +  where 520 = &lt;Response [520]&gt;.status_code</failure></testcase><testcase classname="tests.test_new_features_v3.TestDealVisibilityAPI" name="test_verify_deal_state_after_visibility_change" time="0.588" /><testcase classname="tests.test_new_features_v3.TestContactsTagsAPI" name="test_create_tag_success" time="0.200" /><testcase classname="tests.test_new_features_v3.TestContactsTagsAPI" name="test_create_tag_default_color" time="0.183" /><testcase classname="tests.test_new_features_v3.TestContactsTagsAPI" name="test_create_tag_with_different_color" time="0.211" /><testcase classname="tests.test_new_features_v3.TestContactsTagsAPI" name="test_list_tags_includes_created_tag" time="0.354" /><testcase classname="tests.test_new_features_v3.TestContactsTagsAPI" name="test_create_tag_missing_name" time="0.011" /><testcase classname="tests.test_new_features_v3.TestCleanup" name="test_cleanup_deal" time="0.272" /><testcase classname="tests.test_new_features_v3.TestCleanup" name="test_cleanup_tags" time="1.166" /></testsuite></testsuites>